./nice-router/network-error.page.tsx
./nice-router/popup-message.tsx
./nice-router/h5.page.tsx
./nice-router/global-popup-view.tsx
./app-router/router.js
./service/privacy-agreement-check.js
./service/location-service.js
./server-image/server-image.tsx
./genericform/record-button.tsx
./genericform/form-steps.tsx
./genericform/form-footer.tsx
./genericform/genericform-page.tsx
./genericform/generic-form.tsx
./genericform/object-picker-page.tsx
./genericform/object-picker-popup-view.tsx
./components/elements/ele-action-list.tsx
./components/elements/ele-tabs.tsx
./components/elements/ele-image-list.tsx
./components/elements/ele-card/status-flag.tsx
./components/elements/ele-card/styles.ts
./components/elements/ele-table/ele-scroll-table.tsx
./components/elements/ele-table/ele-table.tsx
./components/elements/ele-table/ele-table-cell.tsx
./components/elements/ele-table/card-info-table.tsx
./components/elements/ele-table/ele-table-row.tsx
./components/elements/ele-button.tsx
./components/genericpage/elements/ele-text.tsx
./components/genericpage/ele-flex.tsx
./components/ele-password.tsx
./components/header-bar.tsx
./components/scanner/barcode-scanner.tsx
./components/scanner/barcode-scanner-backup.tsx
./components/tab-bar.tsx
./components/info-list/flex-info-list.tsx
./components/info-list/flex-info-item.tsx
./components/action-icon.tsx
./components/biz/base-page.tsx
./components/biz/analyze-work-list.tsx
./components/biz/page-footer-bar.tsx
./components/biz/analyze-work-item.tsx
./components/form/form-item-label.tsx
./components/form/form-item-tail.tsx
./components/form/ele-form.tsx
./components/form/field/ele-step-number-input.tsx
./components/form/field/ele-picker.tsx
./components/form/field/ele-date-picker.tsx
./components/form/field/ele-popup-select.tsx
./components/form/field/maker-picker/FullScreenPopover.js
./components/form/field/maker-picker/MakerList.js
./components/form/field/ele-checkbox/ele-checkbox.tsx
./components/form/field/ele-checkbox/ele-checkbox-group.tsx
./components/form/field/ele-checkbox/ele-radio-group.tsx
./components/form/field/bordered-wrapper.tsx
./components/form/field/ele-switch.tsx
./components/form/field/image-picker/ele-image-picker.tsx
./components/form/field/image-picker/image-item.tsx
./components/form/field/ele-veideo.tsx
./components/form/field/action-field.tsx
./components/form/field/ele-input.tsx
./components/form/field/ele-textarea.tsx
./components/form/form-item.tsx
./components/section-bar/section-bar.tsx
./components/grid-list/grid-list.tsx
./components/grid-list/grid-item.tsx
./components/global-header.tsx
./pages/sync/sync-page.tsx
./pages/delivery/components/order-summary.tsx
./pages/delivery/components/order-item-line.tsx
./pages/delivery/components/delivery-layout.tsx
./pages/delivery/components/delivery-order-list.tsx
./pages/delivery/order-list-page.tsx
./pages/home/home-page.tsx
./pages/me/me-page.js
./pages/offline/offline-delivery-page.tsx
./pages/offline/offline-page.tsx
./pages/camera-scaner/index.tsx
./pages/camera-scaner/scanner-animate.tsx
./pages/login/login-form-content.tsx
./pages/login/login-footer.tsx
./pages/login/verify-code.tsx
./pages/login/login-page.tsx
./pages/app-config-page.tsx
./pages/result/result-page.tsx
./listof/search-bar.tsx
./listof/footer-tips.tsx
./listof/templates/navigation-line/navigation-line.tsx
./listof/templates/card/object-picker-item.tsx
./listof/templates/card/object-picker-popup-item.tsx
./listof/templates/flex-line-item.tsx
./listof/templates/auto/auto-template.tsx
./listof/listof-page-base.tsx
./listof/listof.tsx